<?xml version="1.0" encoding="UTF-8"?>
<testsuite name="AppTest" tests="8" skipped="0" failures="0" errors="0" timestamp="2016-05-16T15:28:18" hostname="LaTaevias-MacBook-Pro.local" time="2.436">
  <properties/>
  <testcase name="BandNameIsUpdated" classname="AppTest" time="1.784"/>
  <testcase name="bandIsDisplayedOnItsOwnPageTest" classname="AppTest" time="0.026"/>
  <testcase name="bandIsCreatedTest" classname="AppTest" time="0.239"/>
  <testcase name="rootTest" classname="AppTest" time="0.01"/>
  <testcase name="venueIsSavedToBandAndDiplayedOnBandPageTest" classname="AppTest" time="0.043"/>
  <testcase name="venueIsDiplayedOnVenuePageTest" classname="AppTest" time="0.03"/>
  <testcase name="venueIsCreatedTest" classname="AppTest" time="0.233"/>
  <testcase name="bandIsDeleted" classname="AppTest" time="0.05"/>
  <system-out><![CDATA[]]></system-out>
  <system-err><![CDATA[[Thread-4] INFO org.eclipse.jetty.util.log - Logging initialized @522ms
[Thread-4] INFO spark.webserver.JettySparkServer - == Spark has ignited ...
[Thread-4] INFO spark.webserver.JettySparkServer - >> Listening on 0.0.0.0:4567
[Thread-4] INFO org.eclipse.jetty.server.Server - jetty-9.3.2.v20150730
[Thread-4] INFO org.eclipse.jetty.server.ServerConnector - Started ServerConnector@3f0e2c85{HTTP/1.1,[http/1.1]}{0.0.0.0:4567}
[Thread-4] INFO org.eclipse.jetty.server.Server - Started @610ms
May 16, 2016 8:28:20 AM com.gargoylesoftware.htmlunit.DefaultCssErrorHandler error
WARNING: CSS error: 'https://pdx-cp.renewfund.com:443/guest/rf_guest_portal.php?cmd=login&mac=f4:5c:89:b5:79:ff&essid=RF%20Guest&ip=172.31.98.18&apname=PDX-AP-4&apmac=04%3Abd%3A88%3Acd%3A0f%3A24&vcname=PDX&switchip=securelogin.arubanetworks.com&url=https%3A%2F%2Fmaxcdn.bootstrapcdn.com%2Fbootstrap%2F3.2.0%2Fcss%2Fbootstrap.min.css' [1:1] Error in style sheet. (Invalid token "<". Was expecting one of: <EOF>, <S>, <IDENT>, "<!--", "-->", <HASH>, <IMPORT_SYM>, <PAGE_SYM>, <MEDIA_SYM>, <FONT_FACE_SYM>, <CHARSET_SYM>, ".", ":", "*", "[", <ATKEYWORD>.)
May 16, 2016 8:28:20 AM com.gargoylesoftware.htmlunit.DefaultCssErrorHandler error
WARNING: CSS error: 'https://pdx-cp.renewfund.com:443/guest/rf_guest_portal.php?cmd=login&mac=f4:5c:89:b5:79:ff&essid=RF%20Guest&ip=172.31.98.18&apname=PDX-AP-4&apmac=04%3Abd%3A88%3Acd%3A0f%3A24&vcname=PDX&switchip=securelogin.arubanetworks.com&url=https%3A%2F%2Fmaxcdn.bootstrapcdn.com%2Fbootstrap%2F3.2.0%2Fcss%2Fbootstrap.min.css' [1:1] Error in style sheet. (Invalid token "<". Was expecting one of: <EOF>, <S>, <IDENT>, "<!--", "-->", <HASH>, <IMPORT_SYM>, <PAGE_SYM>, <MEDIA_SYM>, <FONT_FACE_SYM>, <CHARSET_SYM>, ".", ":", "*", "[", <ATKEYWORD>.)
May 16, 2016 8:28:21 AM com.gargoylesoftware.htmlunit.DefaultCssErrorHandler error
WARNING: CSS error: 'https://pdx-cp.renewfund.com:443/guest/rf_guest_portal.php?cmd=login&mac=f4:5c:89:b5:79:ff&essid=RF%20Guest&ip=172.31.98.18&apname=PDX-AP-4&apmac=04%3Abd%3A88%3Acd%3A0f%3A24&vcname=PDX&switchip=securelogin.arubanetworks.com&url=https%3A%2F%2Fmaxcdn.bootstrapcdn.com%2Fbootstrap%2F3.2.0%2Fcss%2Fbootstrap.min.css' [1:1] Error in style sheet. (Invalid token "<". Was expecting one of: <EOF>, <S>, <IDENT>, "<!--", "-->", <HASH>, <IMPORT_SYM>, <PAGE_SYM>, <MEDIA_SYM>, <FONT_FACE_SYM>, <CHARSET_SYM>, ".", ":", "*", "[", <ATKEYWORD>.)
[Test worker] INFO spark.webserver.JettySparkServer - >>> Spark shutting down ...
[Test worker] INFO org.eclipse.jetty.server.ServerConnector - Stopped ServerConnector@3f0e2c85{HTTP/1.1,[http/1.1]}{0.0.0.0:4567}
[Test worker] INFO spark.webserver.JettySparkServer - done
]]></system-err>
</testsuite>
