<?xml version="1.0" encoding="UTF-8"?>
<testsuite name="BandTest" tests="4" skipped="0" failures="0" errors="0" timestamp="2016-05-13T18:05:28" hostname="epicodus-58.local" time="0.118">
  <properties/>
  <testcase name="equals_returnsTrueIfNamesAretheSame" classname="BandTest" time="0.077"/>
  <testcase name="getBandName_bandInstantiatesWithName_String" classname="BandTest" time="0.005"/>
  <testcase name="all_emptyAtFirst" classname="BandTest" time="0.029"/>
  <testcase name="Band_instantiatesCorrectly_true" classname="BandTest" time="0.005"/>
  <system-out><![CDATA[]]></system-out>
  <system-err><![CDATA[]]></system-err>
</testsuite>
