<?xml version="1.0" encoding="UTF-8"?>
<testsuite name="BandTest" tests="10" skipped="0" failures="0" errors="0" timestamp="2016-05-15T22:02:16" hostname="LaTaevias-MacBook-Pro.local" time="0.11">
  <properties/>
  <testcase name="equals_returnsTrueIfNamesAretheSame" classname="BandTest" time="0.003"/>
  <testcase name="getBandName_bandInstantiatesWithName_String" classname="BandTest" time="0.004"/>
  <testcase name="find_findBandInDatabase_true" classname="BandTest" time="0.012"/>
  <testcase name="all_emptyAtFirst" classname="BandTest" time="0.007"/>
  <testcase name="save_savesIntoDatabase_true" classname="BandTest" time="0.012"/>
  <testcase name="save_assignsIdToObject" classname="BandTest" time="0.012"/>
  <testcase name="getVenues_retrievesAllVenuesFromDatabase_venuesList" classname="BandTest" time="0.027"/>
  <testcase name="delete_deletesBand_true" classname="BandTest" time="0.014"/>
  <testcase name="update_updatesBandName_true" classname="BandTest" time="0.014"/>
  <testcase name="Band_instantiatesCorrectly_true" classname="BandTest" time="0.003"/>
  <system-out><![CDATA[]]></system-out>
  <system-err><![CDATA[]]></system-err>
</testsuite>
