<?xml version="1.0" encoding="UTF-8"?>
<testsuite name="VenueTest" tests="9" skipped="0" failures="0" errors="0" timestamp="2016-05-15T03:29:27" hostname="LaTaevias-MacBook-Pro.local" time="0.204">
  <properties/>
  <testcase name="save_savesObjectIntoDatabase_true" classname="VenueTest" time="0.023"/>
  <testcase name="getVenueName_venueInstantiatesWithVenueName_String" classname="VenueTest" time="0.009"/>
  <testcase name="find_findsVenueInDatabase_true" classname="VenueTest" time="0.026"/>
  <testcase name="all_emptyAtFirst_0" classname="VenueTest" time="0.018"/>
  <testcase name="equals_returnsTrueIfVenueNamesAretheSame_true" classname="VenueTest" time="0.011"/>
  <testcase name="Venue_instantiatesCorrectly_true" classname="VenueTest" time="0.012"/>
  <testcase name="addBand_addsBandToVenue" classname="VenueTest" time="0.041"/>
  <testcase name="save_assignsIdToObject_int" classname="VenueTest" time="0.023"/>
  <testcase name="getBandName_returnsAllBands_List" classname="VenueTest" time="0.038"/>
  <system-out><![CDATA[]]></system-out>
  <system-err><![CDATA[]]></system-err>
</testsuite>
