<?xml version="1.0" encoding="UTF-8"?>
<testsuite name="BandTest" tests="5" skipped="0" failures="0" errors="0" timestamp="2016-05-13T18:07:40" hostname="epicodus-58.local" time="0.158">
  <properties/>
  <testcase name="equals_returnsTrueIfNamesAretheSame" classname="BandTest" time="0.079"/>
  <testcase name="getBandName_bandInstantiatesWithName_String" classname="BandTest" time="0.006"/>
  <testcase name="all_emptyAtFirst" classname="BandTest" time="0.03"/>
  <testcase name="save_savesIntoDatabase_true" classname="BandTest" time="0.037"/>
  <testcase name="Band_instantiatesCorrectly_true" classname="BandTest" time="0.006"/>
  <system-out><![CDATA[]]></system-out>
  <system-err><![CDATA[]]></system-err>
</testsuite>
