<?xml version="1.0" encoding="UTF-8"?>
<testsuite name="VenueTest" tests="12" skipped="0" failures="0" errors="0" timestamp="2016-05-16T15:28:21" hostname="LaTaevias-MacBook-Pro.local" time="0.137">
  <properties/>
  <testcase name="save_savesObjectIntoDatabase_true" classname="VenueTest" time="0.011"/>
  <testcase name="getVenueName_venueInstantiatesWithVenueName_String" classname="VenueTest" time="0.003"/>
  <testcase name="delete_deletesAllVenuesAndCategoriesAssociations" classname="VenueTest" time="0.023"/>
  <testcase name="find_findsVenueInDatabase_true" classname="VenueTest" time="0.012"/>
  <testcase name="all_emptyAtFirst_0" classname="VenueTest" time="0.007"/>
  <testcase name="update_updatesVenueVenueName_true" classname="VenueTest" time="0.014"/>
  <testcase name="delete_deletesVenue_true" classname="VenueTest" time="0.014"/>
  <testcase name="equals_returnsTrueIfVenueNamesAretheSame_true" classname="VenueTest" time="0.004"/>
  <testcase name="Venue_instantiatesCorrectly_true" classname="VenueTest" time="0.003"/>
  <testcase name="addBand_addsBandToVenue" classname="VenueTest" time="0.017"/>
  <testcase name="save_assignsIdToObject_int" classname="VenueTest" time="0.01"/>
  <testcase name="getBandName_returnsAllBands_List" classname="VenueTest" time="0.018"/>
  <system-out><![CDATA[]]></system-out>
  <system-err><![CDATA[]]></system-err>
</testsuite>
