<?xml version="1.0" encoding="UTF-8"?>
<testsuite name="BandTest" tests="10" skipped="0" failures="0" errors="0" timestamp="2016-05-16T15:28:21" hostname="LaTaevias-MacBook-Pro.local" time="0.106">
  <properties/>
  <testcase name="equals_returnsTrueIfNamesAretheSame" classname="BandTest" time="0.004"/>
  <testcase name="getBandName_bandInstantiatesWithName_String" classname="BandTest" time="0.004"/>
  <testcase name="find_findBandInDatabase_true" classname="BandTest" time="0.013"/>
  <testcase name="all_emptyAtFirst" classname="BandTest" time="0.007"/>
  <testcase name="save_savesIntoDatabase_true" classname="BandTest" time="0.01"/>
  <testcase name="save_assignsIdToObject" classname="BandTest" time="0.011"/>
  <testcase name="getVenues_retrievesAllVenuesFromDatabase_venuesList" classname="BandTest" time="0.024"/>
  <testcase name="delete_deletesBand_true" classname="BandTest" time="0.015"/>
  <testcase name="update_updatesBandName_true" classname="BandTest" time="0.014"/>
  <testcase name="Band_instantiatesCorrectly_true" classname="BandTest" time="0.004"/>
  <system-out><![CDATA[]]></system-out>
  <system-err><![CDATA[]]></system-err>
</testsuite>
